2019-04-09 11:53:59.231  INFO 9595 --- [main] com.noi.oj.OjApplication                 : Starting OjApplication on caohangwei-CW65S with PID 9595 (/home/caohangwei/Downloads/oj/target/classes started by caohangwei in /home/caohangwei/Downloads/oj)
2019-04-09 11:53:59.582  INFO 9595 --- [main] com.noi.oj.OjApplication                 : No active profile set, falling back to default profiles: default
2019-04-09 11:54:07.452  INFO 9595 --- [main] o.s.b.w.embedded.tomcat.TomcatWebServer  : Tomcat initialized with port(s): 9999 (http)
2019-04-09 11:54:07.513  INFO 9595 --- [main] o.apache.catalina.core.StandardService   : Starting service [Tomcat]
2019-04-09 11:54:07.513  INFO 9595 --- [main] org.apache.catalina.core.StandardEngine  : Starting Servlet engine: [Apache Tomcat/9.0.16]
2019-04-09 11:54:07.525  INFO 9595 --- [main] o.a.catalina.core.AprLifecycleListener   : The APR based Apache Tomcat Native library which allows optimal performance in production environments was not found on the java.library.path: [/usr/java/packages/lib/amd64:/usr/lib64:/lib64:/lib:/usr/lib]
2019-04-09 11:54:08.163  INFO 9595 --- [main] o.a.c.c.C.[Tomcat].[localhost].[/]       : Initializing Spring embedded WebApplicationContext
2019-04-09 11:54:08.164  INFO 9595 --- [main] o.s.web.context.ContextLoader            : Root WebApplicationContext: initialization completed in 7862 ms
2019-04-09 11:54:13.087  INFO 9595 --- [main] o.s.s.concurrent.ThreadPoolTaskExecutor  : Initializing ExecutorService 'applicationTaskExecutor'
2019-04-09 11:54:14.081  INFO 9595 --- [main] o.s.b.w.embedded.tomcat.TomcatWebServer  : Tomcat started on port(s): 9999 (http) with context path ''
2019-04-09 11:54:14.092  INFO 9595 --- [main] com.noi.oj.OjApplication                 : Started OjApplication in 18.087 seconds (JVM running for 24.82)
2019-04-09 11:54:16.837  INFO 9595 --- [http-nio-9999-exec-1] o.a.c.c.C.[Tomcat].[localhost].[/]       : Initializing Spring DispatcherServlet 'dispatcherServlet'
2019-04-09 11:54:16.837  INFO 9595 --- [http-nio-9999-exec-1] o.s.web.servlet.DispatcherServlet        : Initializing Servlet 'dispatcherServlet'
2019-04-09 11:54:16.867  INFO 9595 --- [http-nio-9999-exec-1] o.s.web.servlet.DispatcherServlet        : Completed initialization in 30 ms
2019-04-09 11:54:17.568  WARN 9595 --- [http-nio-9999-exec-1] com.zaxxer.hikari.HikariConfig           : HikariPool-1 - idleTimeout is close to or more than maxLifetime, disabling it.
2019-04-09 11:54:17.586  INFO 9595 --- [http-nio-9999-exec-1] com.zaxxer.hikari.HikariDataSource       : HikariPool-1 - Starting...
2019-04-09 11:54:17.600  WARN 9595 --- [http-nio-9999-exec-1] com.zaxxer.hikari.util.DriverDataSource  : Registered driver with driverClassName=com.mysql.jdbc.Driver was not found, trying direct instantiation.
2019-04-09 11:54:18.437  INFO 9595 --- [http-nio-9999-exec-1] com.zaxxer.hikari.HikariDataSource       : HikariPool-1 - Start completed.
2019-04-09 12:55:44.444  INFO 19400 --- [main] com.noi.oj.OjApplication                 : Starting OjApplication on caohangwei-CW65S with PID 19400 (/home/caohangwei/Downloads/oj/target/classes started by caohangwei in /home/caohangwei/Downloads/oj)
2019-04-09 12:55:44.448  INFO 19400 --- [main] com.noi.oj.OjApplication                 : No active profile set, falling back to default profiles: default
2019-04-09 12:55:47.581  INFO 19400 --- [main] o.s.b.w.embedded.tomcat.TomcatWebServer  : Tomcat initialized with port(s): 9999 (http)
2019-04-09 12:55:47.605  INFO 19400 --- [main] o.apache.catalina.core.StandardService   : Starting service [Tomcat]
2019-04-09 12:55:47.605  INFO 19400 --- [main] org.apache.catalina.core.StandardEngine  : Starting Servlet engine: [Apache Tomcat/9.0.16]
2019-04-09 12:55:47.610  INFO 19400 --- [main] o.a.catalina.core.AprLifecycleListener   : The APR based Apache Tomcat Native library which allows optimal performance in production environments was not found on the java.library.path: [/usr/java/packages/lib/amd64:/usr/lib64:/lib64:/lib:/usr/lib]
2019-04-09 12:55:47.698  INFO 19400 --- [main] o.a.c.c.C.[Tomcat].[localhost].[/]       : Initializing Spring embedded WebApplicationContext
2019-04-09 12:55:47.698  INFO 19400 --- [main] o.s.web.context.ContextLoader            : Root WebApplicationContext: initialization completed in 3144 ms
2019-04-09 12:55:49.592  INFO 19400 --- [main] o.s.s.concurrent.ThreadPoolTaskExecutor  : Initializing ExecutorService 'applicationTaskExecutor'
2019-04-09 12:55:50.361  INFO 19400 --- [main] o.s.b.w.embedded.tomcat.TomcatWebServer  : Tomcat started on port(s): 9999 (http) with context path ''
2019-04-09 12:55:50.367  INFO 19400 --- [main] com.noi.oj.OjApplication                 : Started OjApplication in 7.196 seconds (JVM running for 8.607)
2019-04-09 12:58:25.562  INFO 19400 --- [Thread-17] o.s.s.concurrent.ThreadPoolTaskExecutor  : Shutting down ExecutorService 'applicationTaskExecutor'
2019-04-09 12:58:30.924  INFO 19560 --- [main] com.noi.oj.OjApplication                 : Starting OjApplication on caohangwei-CW65S with PID 19560 (/home/caohangwei/Downloads/oj/target/classes started by caohangwei in /home/caohangwei/Downloads/oj)
2019-04-09 12:58:30.931  INFO 19560 --- [main] com.noi.oj.OjApplication                 : No active profile set, falling back to default profiles: default
2019-04-09 12:58:33.423  INFO 19560 --- [main] o.s.b.w.embedded.tomcat.TomcatWebServer  : Tomcat initialized with port(s): 9999 (http)
2019-04-09 12:58:33.458  INFO 19560 --- [main] o.apache.catalina.core.StandardService   : Starting service [Tomcat]
2019-04-09 12:58:33.458  INFO 19560 --- [main] org.apache.catalina.core.StandardEngine  : Starting Servlet engine: [Apache Tomcat/9.0.16]
2019-04-09 12:58:33.470  INFO 19560 --- [main] o.a.catalina.core.AprLifecycleListener   : The APR based Apache Tomcat Native library which allows optimal performance in production environments was not found on the java.library.path: [/usr/java/packages/lib/amd64:/usr/lib64:/lib64:/lib:/usr/lib]
2019-04-09 12:58:33.580  INFO 19560 --- [main] o.a.c.c.C.[Tomcat].[localhost].[/]       : Initializing Spring embedded WebApplicationContext
2019-04-09 12:58:33.589  INFO 19560 --- [main] o.s.web.context.ContextLoader            : Root WebApplicationContext: initialization completed in 2543 ms
2019-04-09 12:58:35.305  INFO 19560 --- [main] o.s.s.concurrent.ThreadPoolTaskExecutor  : Initializing ExecutorService 'applicationTaskExecutor'
2019-04-09 12:58:35.717  INFO 19560 --- [main] o.s.b.w.embedded.tomcat.TomcatWebServer  : Tomcat started on port(s): 9999 (http) with context path ''
2019-04-09 12:58:35.728  INFO 19560 --- [main] com.noi.oj.OjApplication                 : Started OjApplication in 5.672 seconds (JVM running for 6.733)
2019-04-09 12:58:36.397  INFO 19560 --- [http-nio-9999-exec-2] o.a.c.c.C.[Tomcat].[localhost].[/]       : Initializing Spring DispatcherServlet 'dispatcherServlet'
2019-04-09 12:58:36.398  INFO 19560 --- [http-nio-9999-exec-2] o.s.web.servlet.DispatcherServlet        : Initializing Servlet 'dispatcherServlet'
2019-04-09 12:58:36.472  INFO 19560 --- [http-nio-9999-exec-2] o.s.web.servlet.DispatcherServlet        : Completed initialization in 74 ms
2019-04-09 12:58:37.774  WARN 19560 --- [http-nio-9999-exec-2] com.zaxxer.hikari.HikariConfig           : HikariPool-1 - idleTimeout is close to or more than maxLifetime, disabling it.
2019-04-09 12:58:37.798  INFO 19560 --- [http-nio-9999-exec-2] com.zaxxer.hikari.HikariDataSource       : HikariPool-1 - Starting...
2019-04-09 12:58:37.815  WARN 19560 --- [http-nio-9999-exec-2] com.zaxxer.hikari.util.DriverDataSource  : Registered driver with driverClassName=com.mysql.jdbc.Driver was not found, trying direct instantiation.
2019-04-09 12:58:38.111  INFO 19560 --- [http-nio-9999-exec-2] com.zaxxer.hikari.HikariDataSource       : HikariPool-1 - Start completed.
2019-04-09 13:02:15.773  INFO 19560 --- [Thread-13] o.s.s.concurrent.ThreadPoolTaskExecutor  : Shutting down ExecutorService 'applicationTaskExecutor'
2019-04-09 13:02:15.780  INFO 19560 --- [Thread-13] com.zaxxer.hikari.HikariDataSource       : HikariPool-1 - Shutdown initiated...
2019-04-09 13:02:15.784  INFO 19560 --- [Thread-13] com.zaxxer.hikari.HikariDataSource       : HikariPool-1 - Shutdown completed.
2019-04-09 13:02:20.978  INFO 19775 --- [main] com.noi.oj.OjApplication                 : Starting OjApplication on caohangwei-CW65S with PID 19775 (/home/caohangwei/Downloads/oj/target/classes started by caohangwei in /home/caohangwei/Downloads/oj)
2019-04-09 13:02:20.982  INFO 19775 --- [main] com.noi.oj.OjApplication                 : No active profile set, falling back to default profiles: default
2019-04-09 13:02:23.786  INFO 19775 --- [main] o.s.b.w.embedded.tomcat.TomcatWebServer  : Tomcat initialized with port(s): 9999 (http)
2019-04-09 13:02:23.856  INFO 19775 --- [main] o.apache.catalina.core.StandardService   : Starting service [Tomcat]
2019-04-09 13:02:23.857  INFO 19775 --- [main] org.apache.catalina.core.StandardEngine  : Starting Servlet engine: [Apache Tomcat/9.0.16]
2019-04-09 13:02:23.872  INFO 19775 --- [main] o.a.catalina.core.AprLifecycleListener   : The APR based Apache Tomcat Native library which allows optimal performance in production environments was not found on the java.library.path: [/usr/java/packages/lib/amd64:/usr/lib64:/lib64:/lib:/usr/lib]
2019-04-09 13:02:24.003  INFO 19775 --- [main] o.a.c.c.C.[Tomcat].[localhost].[/]       : Initializing Spring embedded WebApplicationContext
2019-04-09 13:02:24.003  INFO 19775 --- [main] o.s.web.context.ContextLoader            : Root WebApplicationContext: initialization completed in 2928 ms
2019-04-09 13:02:25.922  INFO 19775 --- [main] o.s.s.concurrent.ThreadPoolTaskExecutor  : Initializing ExecutorService 'applicationTaskExecutor'
2019-04-09 13:02:26.271  INFO 19775 --- [main] o.s.b.w.embedded.tomcat.TomcatWebServer  : Tomcat started on port(s): 9999 (http) with context path ''
2019-04-09 13:02:26.277  INFO 19775 --- [main] com.noi.oj.OjApplication                 : Started OjApplication in 6.221 seconds (JVM running for 7.351)
2019-04-09 13:02:32.822  INFO 19775 --- [http-nio-9999-exec-1] o.a.c.c.C.[Tomcat].[localhost].[/]       : Initializing Spring DispatcherServlet 'dispatcherServlet'
2019-04-09 13:02:32.823  INFO 19775 --- [http-nio-9999-exec-1] o.s.web.servlet.DispatcherServlet        : Initializing Servlet 'dispatcherServlet'
2019-04-09 13:02:32.832  INFO 19775 --- [http-nio-9999-exec-1] o.s.web.servlet.DispatcherServlet        : Completed initialization in 9 ms
2019-04-09 13:02:32.957  WARN 19775 --- [http-nio-9999-exec-2] com.zaxxer.hikari.HikariConfig           : HikariPool-1 - idleTimeout is close to or more than maxLifetime, disabling it.
2019-04-09 13:02:32.962  INFO 19775 --- [http-nio-9999-exec-2] com.zaxxer.hikari.HikariDataSource       : HikariPool-1 - Starting...
2019-04-09 13:02:32.965  WARN 19775 --- [http-nio-9999-exec-2] com.zaxxer.hikari.util.DriverDataSource  : Registered driver with driverClassName=com.mysql.jdbc.Driver was not found, trying direct instantiation.
2019-04-09 13:02:33.066  INFO 19775 --- [http-nio-9999-exec-2] com.zaxxer.hikari.HikariDataSource       : HikariPool-1 - Start completed.
2019-04-09 13:03:49.517  INFO 19775 --- [Thread-15] o.s.s.concurrent.ThreadPoolTaskExecutor  : Shutting down ExecutorService 'applicationTaskExecutor'
2019-04-09 13:03:49.523  INFO 19775 --- [Thread-15] com.zaxxer.hikari.HikariDataSource       : HikariPool-1 - Shutdown initiated...
2019-04-09 13:03:49.532  INFO 19775 --- [Thread-15] com.zaxxer.hikari.HikariDataSource       : HikariPool-1 - Shutdown completed.
2019-04-09 13:03:55.760  INFO 19919 --- [main] com.noi.oj.OjApplication                 : Starting OjApplication on caohangwei-CW65S with PID 19919 (/home/caohangwei/Downloads/oj/target/classes started by caohangwei in /home/caohangwei/Downloads/oj)
2019-04-09 13:03:55.767  INFO 19919 --- [main] com.noi.oj.OjApplication                 : No active profile set, falling back to default profiles: default
2019-04-09 13:03:58.249  INFO 19919 --- [main] o.s.b.w.embedded.tomcat.TomcatWebServer  : Tomcat initialized with port(s): 9999 (http)
2019-04-09 13:03:58.290  INFO 19919 --- [main] o.apache.catalina.core.StandardService   : Starting service [Tomcat]
2019-04-09 13:03:58.298  INFO 19919 --- [main] org.apache.catalina.core.StandardEngine  : Starting Servlet engine: [Apache Tomcat/9.0.16]
2019-04-09 13:03:58.320  INFO 19919 --- [main] o.a.catalina.core.AprLifecycleListener   : The APR based Apache Tomcat Native library which allows optimal performance in production environments was not found on the java.library.path: [/usr/java/packages/lib/amd64:/usr/lib64:/lib64:/lib:/usr/lib]
2019-04-09 13:03:58.403  INFO 19919 --- [main] o.a.c.c.C.[Tomcat].[localhost].[/]       : Initializing Spring embedded WebApplicationContext
2019-04-09 13:03:58.404  INFO 19919 --- [main] o.s.web.context.ContextLoader            : Root WebApplicationContext: initialization completed in 2523 ms
2019-04-09 13:03:59.495  INFO 19919 --- [main] o.s.s.concurrent.ThreadPoolTaskExecutor  : Initializing ExecutorService 'applicationTaskExecutor'
2019-04-09 13:03:59.820  INFO 19919 --- [main] o.s.b.w.embedded.tomcat.TomcatWebServer  : Tomcat started on port(s): 9999 (http) with context path ''
2019-04-09 13:03:59.826  INFO 19919 --- [main] com.noi.oj.OjApplication                 : Started OjApplication in 4.788 seconds (JVM running for 5.685)
2019-04-09 13:04:17.106  INFO 19919 --- [http-nio-9999-exec-2] o.a.c.c.C.[Tomcat].[localhost].[/]       : Initializing Spring DispatcherServlet 'dispatcherServlet'
2019-04-09 13:04:17.108  INFO 19919 --- [http-nio-9999-exec-2] o.s.web.servlet.DispatcherServlet        : Initializing Servlet 'dispatcherServlet'
2019-04-09 13:04:17.133  INFO 19919 --- [http-nio-9999-exec-2] o.s.web.servlet.DispatcherServlet        : Completed initialization in 25 ms
2019-04-09 13:04:17.342 ERROR 19919 --- [http-nio-9999-exec-2] o.a.c.c.C.[.[.[/].[dispatcherServlet]    : Servlet.service() for servlet [dispatcherServlet] in context with path [] threw exception [Request processing failed; nested exception is java.lang.NullPointerException] with root cause

java.lang.NullPointerException: null
	at com.noi.oj.web.CollectController.select(CollectController.java:35) ~[classes/:na]
	at sun.reflect.NativeMethodAccessorImpl.invoke0(Native Method) ~[na:1.8.0_201]
	at sun.reflect.NativeMethodAccessorImpl.invoke(NativeMethodAccessorImpl.java:62) ~[na:1.8.0_201]
	at sun.reflect.DelegatingMethodAccessorImpl.invoke(DelegatingMethodAccessorImpl.java:43) ~[na:1.8.0_201]
	at java.lang.reflect.Method.invoke(Method.java:498) ~[na:1.8.0_201]
	at org.springframework.web.method.support.InvocableHandlerMethod.doInvoke(InvocableHandlerMethod.java:189) ~[spring-web-5.1.5.RELEASE.jar:5.1.5.RELEASE]
	at org.springframework.web.method.support.InvocableHandlerMethod.invokeForRequest(InvocableHandlerMethod.java:138) ~[spring-web-5.1.5.RELEASE.jar:5.1.5.RELEASE]
	at org.springframework.web.servlet.mvc.method.annotation.ServletInvocableHandlerMethod.invokeAndHandle(ServletInvocableHandlerMethod.java:102) ~[spring-webmvc-5.1.5.RELEASE.jar:5.1.5.RELEASE]
	at org.springframework.web.servlet.mvc.method.annotation.RequestMappingHandlerAdapter.invokeHandlerMethod(RequestMappingHandlerAdapter.java:895) ~[spring-webmvc-5.1.5.RELEASE.jar:5.1.5.RELEASE]
	at org.springframework.web.servlet.mvc.method.annotation.RequestMappingHandlerAdapter.handleInternal(RequestMappingHandlerAdapter.java:800) ~[spring-webmvc-5.1.5.RELEASE.jar:5.1.5.RELEASE]
	at org.springframework.web.servlet.mvc.method.AbstractHandlerMethodAdapter.handle(AbstractHandlerMethodAdapter.java:87) ~[spring-webmvc-5.1.5.RELEASE.jar:5.1.5.RELEASE]
	at org.springframework.web.servlet.DispatcherServlet.doDispatch(DispatcherServlet.java:1038) ~[spring-webmvc-5.1.5.RELEASE.jar:5.1.5.RELEASE]
	at org.springframework.web.servlet.DispatcherServlet.doService(DispatcherServlet.java:942) ~[spring-webmvc-5.1.5.RELEASE.jar:5.1.5.RELEASE]
	at org.springframework.web.servlet.FrameworkServlet.processRequest(FrameworkServlet.java:1005) ~[spring-webmvc-5.1.5.RELEASE.jar:5.1.5.RELEASE]
	at org.springframework.web.servlet.FrameworkServlet.doPost(FrameworkServlet.java:908) ~[spring-webmvc-5.1.5.RELEASE.jar:5.1.5.RELEASE]
	at javax.servlet.http.HttpServlet.service(HttpServlet.java:660) ~[tomcat-embed-core-9.0.16.jar:9.0.16]
	at org.springframework.web.servlet.FrameworkServlet.service(FrameworkServlet.java:882) ~[spring-webmvc-5.1.5.RELEASE.jar:5.1.5.RELEASE]
	at javax.servlet.http.HttpServlet.service(HttpServlet.java:741) ~[tomcat-embed-core-9.0.16.jar:9.0.16]
	at org.apache.catalina.core.ApplicationFilterChain.internalDoFilter(ApplicationFilterChain.java:231) ~[tomcat-embed-core-9.0.16.jar:9.0.16]
	at org.apache.catalina.core.ApplicationFilterChain.doFilter(ApplicationFilterChain.java:166) ~[tomcat-embed-core-9.0.16.jar:9.0.16]
	at org.apache.tomcat.websocket.server.WsFilter.doFilter(WsFilter.java:53) ~[tomcat-embed-websocket-9.0.16.jar:9.0.16]
	at org.apache.catalina.core.ApplicationFilterChain.internalDoFilter(ApplicationFilterChain.java:193) ~[tomcat-embed-core-9.0.16.jar:9.0.16]
	at org.apache.catalina.core.ApplicationFilterChain.doFilter(ApplicationFilterChain.java:166) ~[tomcat-embed-core-9.0.16.jar:9.0.16]
	at org.springframework.web.filter.CorsFilter.doFilterInternal(CorsFilter.java:96) ~[spring-web-5.1.5.RELEASE.jar:5.1.5.RELEASE]
	at org.springframework.web.filter.OncePerRequestFilter.doFilter(OncePerRequestFilter.java:107) ~[spring-web-5.1.5.RELEASE.jar:5.1.5.RELEASE]
	at org.apache.catalina.core.ApplicationFilterChain.internalDoFilter(ApplicationFilterChain.java:193) ~[tomcat-embed-core-9.0.16.jar:9.0.16]
	at org.apache.catalina.core.ApplicationFilterChain.doFilter(ApplicationFilterChain.java:166) ~[tomcat-embed-core-9.0.16.jar:9.0.16]
	at org.springframework.web.filter.RequestContextFilter.doFilterInternal(RequestContextFilter.java:99) ~[spring-web-5.1.5.RELEASE.jar:5.1.5.RELEASE]
	at org.springframework.web.filter.OncePerRequestFilter.doFilter(OncePerRequestFilter.java:107) ~[spring-web-5.1.5.RELEASE.jar:5.1.5.RELEASE]
	at org.apache.catalina.core.ApplicationFilterChain.internalDoFilter(ApplicationFilterChain.java:193) ~[tomcat-embed-core-9.0.16.jar:9.0.16]
	at org.apache.catalina.core.ApplicationFilterChain.doFilter(ApplicationFilterChain.java:166) ~[tomcat-embed-core-9.0.16.jar:9.0.16]
	at org.springframework.web.filter.FormContentFilter.doFilterInternal(FormContentFilter.java:92) ~[spring-web-5.1.5.RELEASE.jar:5.1.5.RELEASE]
	at org.springframework.web.filter.OncePerRequestFilter.doFilter(OncePerRequestFilter.java:107) ~[spring-web-5.1.5.RELEASE.jar:5.1.5.RELEASE]
	at org.apache.catalina.core.ApplicationFilterChain.internalDoFilter(ApplicationFilterChain.java:193) ~[tomcat-embed-core-9.0.16.jar:9.0.16]
	at org.apache.catalina.core.ApplicationFilterChain.doFilter(ApplicationFilterChain.java:166) ~[tomcat-embed-core-9.0.16.jar:9.0.16]
	at org.springframework.web.filter.HiddenHttpMethodFilter.doFilterInternal(HiddenHttpMethodFilter.java:93) ~[spring-web-5.1.5.RELEASE.jar:5.1.5.RELEASE]
	at org.springframework.web.filter.OncePerRequestFilter.doFilter(OncePerRequestFilter.java:107) ~[spring-web-5.1.5.RELEASE.jar:5.1.5.RELEASE]
	at org.apache.catalina.core.ApplicationFilterChain.internalDoFilter(ApplicationFilterChain.java:193) ~[tomcat-embed-core-9.0.16.jar:9.0.16]
	at org.apache.catalina.core.ApplicationFilterChain.doFilter(ApplicationFilterChain.java:166) ~[tomcat-embed-core-9.0.16.jar:9.0.16]
	at org.springframework.web.filter.CharacterEncodingFilter.doFilterInternal(CharacterEncodingFilter.java:200) ~[spring-web-5.1.5.RELEASE.jar:5.1.5.RELEASE]
	at org.springframework.web.filter.OncePerRequestFilter.doFilter(OncePerRequestFilter.java:107) ~[spring-web-5.1.5.RELEASE.jar:5.1.5.RELEASE]
	at org.apache.catalina.core.ApplicationFilterChain.internalDoFilter(ApplicationFilterChain.java:193) ~[tomcat-embed-core-9.0.16.jar:9.0.16]
	at org.apache.catalina.core.ApplicationFilterChain.doFilter(ApplicationFilterChain.java:166) ~[tomcat-embed-core-9.0.16.jar:9.0.16]
	at org.apache.catalina.core.StandardWrapperValve.invoke(StandardWrapperValve.java:200) ~[tomcat-embed-core-9.0.16.jar:9.0.16]
	at org.apache.catalina.core.StandardContextValve.invoke(StandardContextValve.java:96) [tomcat-embed-core-9.0.16.jar:9.0.16]
	at org.apache.catalina.authenticator.AuthenticatorBase.invoke(AuthenticatorBase.java:490) [tomcat-embed-core-9.0.16.jar:9.0.16]
	at org.apache.catalina.core.StandardHostValve.invoke(StandardHostValve.java:139) [tomcat-embed-core-9.0.16.jar:9.0.16]
	at org.apache.catalina.valves.ErrorReportValve.invoke(ErrorReportValve.java:92) [tomcat-embed-core-9.0.16.jar:9.0.16]
	at org.apache.catalina.core.StandardEngineValve.invoke(StandardEngineValve.java:74) [tomcat-embed-core-9.0.16.jar:9.0.16]
	at org.apache.catalina.connector.CoyoteAdapter.service(CoyoteAdapter.java:343) [tomcat-embed-core-9.0.16.jar:9.0.16]
	at org.apache.coyote.http11.Http11Processor.service(Http11Processor.java:408) [tomcat-embed-core-9.0.16.jar:9.0.16]
	at org.apache.coyote.AbstractProcessorLight.process(AbstractProcessorLight.java:66) [tomcat-embed-core-9.0.16.jar:9.0.16]
	at org.apache.coyote.AbstractProtocol$ConnectionHandler.process(AbstractProtocol.java:834) [tomcat-embed-core-9.0.16.jar:9.0.16]
	at org.apache.tomcat.util.net.NioEndpoint$SocketProcessor.doRun(NioEndpoint.java:1415) [tomcat-embed-core-9.0.16.jar:9.0.16]
	at org.apache.tomcat.util.net.SocketProcessorBase.run(SocketProcessorBase.java:49) [tomcat-embed-core-9.0.16.jar:9.0.16]
	at java.util.concurrent.ThreadPoolExecutor.runWorker(ThreadPoolExecutor.java:1149) [na:1.8.0_201]
	at java.util.concurrent.ThreadPoolExecutor$Worker.run(ThreadPoolExecutor.java:624) [na:1.8.0_201]
	at org.apache.tomcat.util.threads.TaskThread$WrappingRunnable.run(TaskThread.java:61) [tomcat-embed-core-9.0.16.jar:9.0.16]
	at java.lang.Thread.run(Thread.java:748) [na:1.8.0_201]

2019-04-09 13:04:42.308  INFO 19919 --- [Thread-12] o.s.s.concurrent.ThreadPoolTaskExecutor  : Shutting down ExecutorService 'applicationTaskExecutor'
2019-04-09 13:04:48.988  INFO 20039 --- [main] com.noi.oj.OjApplication                 : Starting OjApplication on caohangwei-CW65S with PID 20039 (/home/caohangwei/Downloads/oj/target/classes started by caohangwei in /home/caohangwei/Downloads/oj)
2019-04-09 13:04:49.000  INFO 20039 --- [main] com.noi.oj.OjApplication                 : No active profile set, falling back to default profiles: default
2019-04-09 13:04:51.270  INFO 20039 --- [main] o.s.b.w.embedded.tomcat.TomcatWebServer  : Tomcat initialized with port(s): 9999 (http)
2019-04-09 13:04:51.289  INFO 20039 --- [main] o.apache.catalina.core.StandardService   : Starting service [Tomcat]
2019-04-09 13:04:51.289  INFO 20039 --- [main] org.apache.catalina.core.StandardEngine  : Starting Servlet engine: [Apache Tomcat/9.0.16]
2019-04-09 13:04:51.296  INFO 20039 --- [main] o.a.catalina.core.AprLifecycleListener   : The APR based Apache Tomcat Native library which allows optimal performance in production environments was not found on the java.library.path: [/usr/java/packages/lib/amd64:/usr/lib64:/lib64:/lib:/usr/lib]
2019-04-09 13:04:51.362  INFO 20039 --- [main] o.a.c.c.C.[Tomcat].[localhost].[/]       : Initializing Spring embedded WebApplicationContext
2019-04-09 13:04:51.363  INFO 20039 --- [main] o.s.web.context.ContextLoader            : Root WebApplicationContext: initialization completed in 2262 ms
2019-04-09 13:04:52.435  INFO 20039 --- [main] o.s.s.concurrent.ThreadPoolTaskExecutor  : Initializing ExecutorService 'applicationTaskExecutor'
2019-04-09 13:04:52.680  INFO 20039 --- [main] o.s.b.w.embedded.tomcat.TomcatWebServer  : Tomcat started on port(s): 9999 (http) with context path ''
2019-04-09 13:04:52.685  INFO 20039 --- [main] com.noi.oj.OjApplication                 : Started OjApplication in 5.09 seconds (JVM running for 6.438)
2019-04-09 13:04:53.070  INFO 20039 --- [Thread-13] o.s.s.concurrent.ThreadPoolTaskExecutor  : Shutting down ExecutorService 'applicationTaskExecutor'
2019-04-09 13:04:58.728  INFO 20143 --- [main] com.noi.oj.OjApplication                 : Starting OjApplication on caohangwei-CW65S with PID 20143 (/home/caohangwei/Downloads/oj/target/classes started by caohangwei in /home/caohangwei/Downloads/oj)
2019-04-09 13:04:58.748  INFO 20143 --- [main] com.noi.oj.OjApplication                 : No active profile set, falling back to default profiles: default
2019-04-09 13:05:01.059  INFO 20143 --- [main] o.s.b.w.embedded.tomcat.TomcatWebServer  : Tomcat initialized with port(s): 9999 (http)
2019-04-09 13:05:01.097  INFO 20143 --- [main] o.apache.catalina.core.StandardService   : Starting service [Tomcat]
2019-04-09 13:05:01.097  INFO 20143 --- [main] org.apache.catalina.core.StandardEngine  : Starting Servlet engine: [Apache Tomcat/9.0.16]
2019-04-09 13:05:01.105  INFO 20143 --- [main] o.a.catalina.core.AprLifecycleListener   : The APR based Apache Tomcat Native library which allows optimal performance in production environments was not found on the java.library.path: [/usr/java/packages/lib/amd64:/usr/lib64:/lib64:/lib:/usr/lib]
2019-04-09 13:05:01.163  INFO 20143 --- [main] o.a.c.c.C.[Tomcat].[localhost].[/]       : Initializing Spring embedded WebApplicationContext
2019-04-09 13:05:01.163  INFO 20143 --- [main] o.s.web.context.ContextLoader            : Root WebApplicationContext: initialization completed in 2240 ms
2019-04-09 13:05:02.366  INFO 20143 --- [main] o.s.s.concurrent.ThreadPoolTaskExecutor  : Initializing ExecutorService 'applicationTaskExecutor'
2019-04-09 13:05:02.590  INFO 20143 --- [main] o.s.b.w.embedded.tomcat.TomcatWebServer  : Tomcat started on port(s): 9999 (http) with context path ''
2019-04-09 13:05:02.606  INFO 20143 --- [main] com.noi.oj.OjApplication                 : Started OjApplication in 4.656 seconds (JVM running for 5.477)
2019-04-09 13:05:06.538  INFO 20143 --- [http-nio-9999-exec-2] o.a.c.c.C.[Tomcat].[localhost].[/]       : Initializing Spring DispatcherServlet 'dispatcherServlet'
2019-04-09 13:05:06.540  INFO 20143 --- [http-nio-9999-exec-2] o.s.web.servlet.DispatcherServlet        : Initializing Servlet 'dispatcherServlet'
2019-04-09 13:05:06.560  INFO 20143 --- [http-nio-9999-exec-2] o.s.web.servlet.DispatcherServlet        : Completed initialization in 18 ms
2019-04-09 13:05:14.823  WARN 20143 --- [http-nio-9999-exec-3] com.zaxxer.hikari.HikariConfig           : HikariPool-1 - idleTimeout is close to or more than maxLifetime, disabling it.
2019-04-09 13:05:14.832  INFO 20143 --- [http-nio-9999-exec-3] com.zaxxer.hikari.HikariDataSource       : HikariPool-1 - Starting...
2019-04-09 13:05:14.835  WARN 20143 --- [http-nio-9999-exec-3] com.zaxxer.hikari.util.DriverDataSource  : Registered driver with driverClassName=com.mysql.jdbc.Driver was not found, trying direct instantiation.
2019-04-09 13:05:14.931  INFO 20143 --- [http-nio-9999-exec-3] com.zaxxer.hikari.HikariDataSource       : HikariPool-1 - Start completed.
